---------------------------------------------------------------------------------------------------------------------------------------------------------------------------------------------
      name:  <unnamed>
       log:  c:\kolloj\becker\SF\Table_4.log
  log type:  text
 opened on:  25 May 2024, 19:40:28

. use y1.dta,clear
(Javítva 2013 01.21 rossz teladatok kidobva(telkod telnev ksh4_lak teltip_l megye)

. set more off

. 
. *Principal component analysis with variables (df5*) measuring full agreement with positive and negative statements on Roma
. *The sample contains those answering all 14 questions 
. 
. factor df5a-df5n if roma==0, pcf factors(2)
(obs=2,720)

Factor analysis/correlation                      Number of obs    =      2,720
    Method: principal-component factors          Retained factors =          2
    Rotation: (unrotated)                        Number of params =         27

    --------------------------------------------------------------------------
         Factor  |   Eigenvalue   Difference        Proportion   Cumulative
    -------------+------------------------------------------------------------
        Factor1  |      3.37196      1.05138            0.2409       0.2409
        Factor2  |      2.32058      1.25939            0.1658       0.4066
        Factor3  |      1.06119      0.14922            0.0758       0.4824
        Factor4  |      0.91197      0.06913            0.0651       0.5476
        Factor5  |      0.84284      0.08915            0.0602       0.6078
        Factor6  |      0.75369      0.02916            0.0538       0.6616
        Factor7  |      0.72453      0.02425            0.0518       0.7133
        Factor8  |      0.70028      0.04157            0.0500       0.7634
        Factor9  |      0.65870      0.05837            0.0471       0.8104
       Factor10  |      0.60034      0.02563            0.0429       0.8533
       Factor11  |      0.57471      0.04696            0.0411       0.8943
       Factor12  |      0.52774      0.04178            0.0377       0.9320
       Factor13  |      0.48596      0.02044            0.0347       0.9667
       Factor14  |      0.46552            .            0.0333       1.0000
    --------------------------------------------------------------------------
    LR test: independent vs. saturated:  chi2(91) = 7369.16 Prob>chi2 = 0.0000

Factor loadings (pattern matrix) and unique variances

    -------------------------------------------------
        Variable |  Factor1   Factor2 |   Uniqueness 
    -------------+--------------------+--------------
            df5a |  -0.0843    0.5971 |      0.6363  
            df5b |   0.4740    0.2447 |      0.7155  
            df5c |  -0.0271    0.4450 |      0.8012  
            df5d |   0.6855   -0.0698 |      0.5253  
            df5e |  -0.0299    0.5791 |      0.6637  
            df5f |   0.5672    0.2385 |      0.6214  
            df5g |   0.7736   -0.0677 |      0.3970  
            df5h |  -0.1805    0.6622 |      0.5289  
            df5i |   0.3679    0.3726 |      0.7258  
            df5j |   0.0956    0.5723 |      0.6633  
            df5k |   0.7421   -0.0516 |      0.4466  
            df5l |  -0.1047    0.6272 |      0.5957  
            df5m |   0.7131    0.0032 |      0.4915  
            df5n |   0.7081   -0.0591 |      0.4951  
    -------------------------------------------------

. rotate

Factor analysis/correlation                      Number of obs    =      2,720
    Method: principal-component factors          Retained factors =          2
    Rotation: orthogonal varimax (Kaiser off)    Number of params =         27

    --------------------------------------------------------------------------
         Factor  |     Variance   Difference        Proportion   Cumulative
    -------------+------------------------------------------------------------
        Factor1  |      3.37135      1.05015            0.2408       0.2408
        Factor2  |      2.32120            .            0.1658       0.4066
    --------------------------------------------------------------------------
    LR test: independent vs. saturated:  chi2(91) = 7369.16 Prob>chi2 = 0.0000

Rotated factor loadings (pattern matrix) and unique variances

    -------------------------------------------------
        Variable |  Factor1   Factor2 |   Uniqueness 
    -------------+--------------------+--------------
            df5a |  -0.0698    0.5990 |      0.6363  
            df5b |   0.4798    0.2331 |      0.7155  
            df5c |  -0.0164    0.4455 |      0.8012  
            df5d |   0.6836   -0.0863 |      0.5253  
            df5e |  -0.0159    0.5797 |      0.6637  
            df5f |   0.5728    0.2247 |      0.6214  
            df5g |   0.7717   -0.0864 |      0.3970  
            df5h |  -0.1644    0.6664 |      0.5289  
            df5i |   0.3768    0.3635 |      0.7258  
            df5j |   0.1094    0.5698 |      0.6633  
            df5k |   0.7406   -0.0696 |      0.4466  
            df5l |  -0.0895    0.6295 |      0.5957  
            df5m |   0.7129   -0.0141 |      0.4915  
            df5n |   0.7064   -0.0763 |      0.4951  
    -------------------------------------------------

Factor rotation matrix

    --------------------------------
                 | Factor1  Factor2 
    -------------+------------------
         Factor1 |  0.9997  -0.0242 
         Factor2 |  0.0242   0.9997 
    --------------------------------

. cap drop f1 f2

. predict f1 f2
(option regression assumed; regression scoring)

Scoring coefficients (method = regression; based on varimax rotated factors)

    ----------------------------------
        Variable |  Factor1   Factor2 
    -------------+--------------------
            df5a | -0.01875   0.25785 
            df5b |  0.14308   0.10201 
            df5c | -0.00340   0.19191 
            df5d |  0.20250  -0.03497 
            df5e | -0.00283   0.24970 
            df5f |  0.17065   0.09868 
            df5g |  0.22863  -0.03473 
            df5h | -0.04662   0.28657 
            df5i |  0.11296   0.15786 
            df5j |  0.03432   0.24587 
            df5k |  0.21948  -0.02756 
            df5l | -0.02449   0.27093 
            df5m |  0.21144  -0.00375 
            df5n |  0.20931  -0.03057 
    ----------------------------------


. lab var f1 "First principal component: negative statements"

. lab var f2 "Second principal component: positive statements"

. 
. *Descriptives for vars in the first PC
. d df5b df5d df5f df5g df5k df5m df5n

              storage   display    value
variable name   type    format     label      variable label
---------------------------------------------------------------------------------------------------------------------------------------------------------------------------------------------
df5b            byte    %30.0g     teljes     a cigányok gondjai megoldódnának, ha végre elkezdenének dolgozni.
df5d            byte    %30.0g     teljes     a cigányokat teljesen el kell különíteni a társadalom többi részétől, mivel képt
df5f            byte    %30.0g     teljes     a cigányok ne akarjanak úgy tenni, mintha nem lennének cigányok.
df5g            byte    %30.0g     teljes     a cigány lakosság számának növekedése veszélyezteti a társadalom biztonságát.
df5k            byte    %30.0g     teljes     a bűnözési hajlam a cigányok vérében van.
df5m            byte    %30.0g     teljes     csak helyeselni lehet, hogy még vannak olyan szórakozóhelyek, ahová a cigányokat
df5n            byte    %30.0g     teljes     a cigány családokban azért van olyan sok gyermek, mert az utánuk kapott családi

. sum df5b df5d df5g df5k df5m df5n if roma==0

    Variable |        Obs        Mean    Std. Dev.       Min        Max
-------------+---------------------------------------------------------
        df5b |      4,358    .4694814     .499125          0          1
        df5d |      4,216    .1513283    .3584111          0          1
        df5g |      4,125    .3229091     .467645          0          1
        df5k |      4,027    .3034517    .4598057          0          1
        df5m |      4,064    .2603346    .4388712          0          1
-------------+---------------------------------------------------------
        df5n |      4,057    .4801578    .4996677          0          1

. 
. *Regressions with quintiles (of districts) by Jobbik support
.         *No controls
. for var df5b df5d df5f df5g df5k df5m df5n : regress X i.rJ1kat if roma==0 [aw=suly], rob

->  regress df5b i.rJ1kat if roma==0 [aw=suly], rob
(sum of wgt is 49,729.0443185866)

Linear regression                               Number of obs     =      4,358
                                                F(4, 4353)        =       4.84
                                                Prob > F          =     0.0007
                                                R-squared         =     0.0057
                                                Root MSE          =     .49764

------------------------------------------------------------------------------
             |               Robust
        df5b |      Coef.   Std. Err.      t    P>|t|     [95% Conf. Interval]
-------------+----------------------------------------------------------------
      rJ1kat |
          2  |   .0274969   .0248017     1.11   0.268    -.0211271    .0761209
          3  |   .0292333   .0308939     0.95   0.344    -.0313344    .0898011
          4  |    .062846   .0310778     2.02   0.043     .0019178    .1237742
          5  |   .1193814   .0296449     4.03   0.000     .0612623    .1775005
             |
       _cons |   .4238997   .0204273    20.75   0.000     .3838518    .4639476
------------------------------------------------------------------------------

->  regress df5d i.rJ1kat if roma==0 [aw=suly], rob
(sum of wgt is 48,197.6807456613)

Linear regression                               Number of obs     =      4,216
                                                F(4, 4211)        =       6.61
                                                Prob > F          =     0.0000
                                                R-squared         =     0.0079
                                                Root MSE          =     .35373

------------------------------------------------------------------------------
             |               Robust
        df5d |      Coef.   Std. Err.      t    P>|t|     [95% Conf. Interval]
-------------+----------------------------------------------------------------
      rJ1kat |
          2  |  -.0369837    .017547    -2.11   0.035    -.0713851   -.0025824
          3  |  -.0138416   .0229781    -0.60   0.547    -.0588907    .0312075
          4  |    .034024   .0233953     1.45   0.146    -.0118431    .0798912
          5  |   .0456298   .0229532     1.99   0.047     .0006295    .0906301
             |
       _cons |   .1506968   .0151833     9.93   0.000     .1209296    .1804641
------------------------------------------------------------------------------

->  regress df5f i.rJ1kat if roma==0 [aw=suly], rob
(sum of wgt is 47,259.6354905069)

Linear regression                               Number of obs     =      4,153
                                                F(4, 4148)        =       2.99
                                                Prob > F          =     0.0178
                                                R-squared         =     0.0038
                                                Root MSE          =     .48181

------------------------------------------------------------------------------
             |               Robust
        df5f |      Coef.   Std. Err.      t    P>|t|     [95% Conf. Interval]
-------------+----------------------------------------------------------------
      rJ1kat |
          2  |   -.012525   .0248515    -0.50   0.614    -.0612472    .0361972
          3  |  -.0041282   .0304453    -0.14   0.892    -.0638172    .0555609
          4  |   .0089258   .0306661     0.29   0.771    -.0511961    .0690477
          5  |   .0765356   .0304309     2.52   0.012     .0168748    .1361964
             |
       _cons |   .3606703    .020578    17.53   0.000     .3203264    .4010142
------------------------------------------------------------------------------

->  regress df5g i.rJ1kat if roma==0 [aw=suly], rob
(sum of wgt is 47,126.5080249906)

Linear regression                               Number of obs     =      4,125
                                                F(4, 4120)        =       7.43
                                                Prob > F          =     0.0000
                                                R-squared         =     0.0096
                                                Root MSE          =     .46444

------------------------------------------------------------------------------
             |               Robust
        df5g |      Coef.   Std. Err.      t    P>|t|     [95% Conf. Interval]
-------------+----------------------------------------------------------------
      rJ1kat |
          2  |   .0583925   .0225025     2.59   0.009     .0142755    .1025095
          3  |     .04455   .0289975     1.54   0.125    -.0123008    .1014007
          4  |   .0762424   .0288362     2.64   0.008     .0197079    .1327768
          5  |   .1513413   .0282497     5.36   0.000     .0959565     .206726
             |
       _cons |   .2585479   .0180132    14.35   0.000     .2232323    .2938636
------------------------------------------------------------------------------

->  regress df5k i.rJ1kat if roma==0 [aw=suly], rob
(sum of wgt is 45,950.293266356)

Linear regression                               Number of obs     =      4,027
                                                F(4, 4022)        =       3.90
                                                Prob > F          =     0.0036
                                                R-squared         =     0.0050
                                                Root MSE          =     .45681

------------------------------------------------------------------------------
             |               Robust
        df5k |      Coef.   Std. Err.      t    P>|t|     [95% Conf. Interval]
-------------+----------------------------------------------------------------
      rJ1kat |
          2  |  -.0215978   .0236524    -0.91   0.361    -.0679697     .024774
          3  |    .031673   .0301601     1.05   0.294    -.0274576    .0908035
          4  |   .0425222   .0301551     1.41   0.159    -.0165985     .101643
          5  |   .0639355   .0288512     2.22   0.027     .0073712    .1204998
             |
       _cons |   .2855829   .0197334    14.47   0.000     .2468944    .3242713
------------------------------------------------------------------------------

->  regress df5m i.rJ1kat if roma==0 [aw=suly], rob
(sum of wgt is 46,280.6679910421)

Linear regression                               Number of obs     =      4,064
                                                F(4, 4059)        =       6.77
                                                Prob > F          =     0.0000
                                                R-squared         =     0.0091
                                                Root MSE          =     .43295

------------------------------------------------------------------------------
             |               Robust
        df5m |      Coef.   Std. Err.      t    P>|t|     [95% Conf. Interval]
-------------+----------------------------------------------------------------
      rJ1kat |
          2  |  -.0146937    .021325    -0.69   0.491    -.0565023     .027115
          3  |    .013406    .028064     0.48   0.633    -.0416148    .0684267
          4  |   .0609606   .0282556     2.16   0.031     .0055642    .1163571
          5  |   .0980595   .0273512     3.59   0.000     .0444362    .1516829
             |
       _cons |   .2315228   .0176862    13.09   0.000     .1968481    .2661974
------------------------------------------------------------------------------

->  regress df5n i.rJ1kat if roma==0 [aw=suly], rob
(sum of wgt is 46,452.8334409595)

Linear regression                               Number of obs     =      4,057
                                                F(4, 4052)        =      11.23
                                                Prob > F          =     0.0000
                                                R-squared         =     0.0136
                                                Root MSE          =     .49654

------------------------------------------------------------------------------
             |               Robust
        df5n |      Coef.   Std. Err.      t    P>|t|     [95% Conf. Interval]
-------------+----------------------------------------------------------------
      rJ1kat |
          2  |  -.0511246   .0259427    -1.97   0.049    -.1019865   -.0002628
          3  |  -.0033188   .0328808    -0.10   0.920    -.0677832    .0611457
          4  |   .0604287   .0323896     1.87   0.062    -.0030728    .1239302
          5  |   .1118355   .0303342     3.69   0.000     .0523637    .1713072
             |
       _cons |   .4720682   .0214568    22.00   0.000      .430001    .5141354
------------------------------------------------------------------------------

.         *Controls
. for var df5b df5d df5f df5g df5k df5m df5n : regress X i.rJ1kat o lany i.kor i.anya if roma==0 [aw=suly], rob

->  regress df5b i.rJ1kat o lany i.kor i.anya if roma==0 [aw=suly], rob
(sum of wgt is 48,592.6649032235)

Linear regression                               Number of obs     =      4,251
                                                F(15, 4235)       =      33.28
                                                Prob > F          =     0.0000
                                                R-squared         =     0.0101
                                                Root MSE          =     .49723

------------------------------------------------------------------------------
             |               Robust
        df5b |      Coef.   Std. Err.      t    P>|t|     [95% Conf. Interval]
-------------+----------------------------------------------------------------
      rJ1kat |
          2  |   .0172848   .0251937     0.69   0.493    -.0321081    .0666776
          3  |   .0259317   .0311987     0.83   0.406    -.0352341    .0870975
          4  |   .0575035   .0316247     1.82   0.069    -.0044975    .1195045
          5  |   .1127164   .0302669     3.72   0.000     .0533774    .1720554
             |
           o |  -.0186826   .0099583    -1.88   0.061     -.038206    .0008408
        lany |  -.0180135   .0182176    -0.99   0.323    -.0537296    .0177026
             |
         kor |
         18  |   .0199947   .0206496     0.97   0.333    -.0204894    .0604787
         19  |   .0257192   .0370008     0.70   0.487    -.0468218    .0982602
         20  |   .1120907    .071855     1.56   0.119    -.0287828    .2529642
         21  |  -.1429455   .1499623    -0.95   0.341    -.4369502    .1510592
         22  |  -.4203019    .037768   -11.13   0.000    -.4943471   -.3462568
             |
    anyaisk5 |
     8 ált.  |  -.0613052   .0588166    -1.04   0.297    -.1766165    .0540062
     szakma  |  -.0205369   .0583915    -0.35   0.725    -.1350148     .093941
  érettségi  |  -.0050631   .0586649    -0.09   0.931     -.120077    .1099509
    diploma  |  -.0133156   .0613135    -0.22   0.828    -.1335223     .106891
             |
       _cons |   .4418554   .0640817     6.90   0.000     .3162216    .5674892
------------------------------------------------------------------------------

->  regress df5d i.rJ1kat o lany i.kor i.anya if roma==0 [aw=suly], rob
(sum of wgt is 47,095.4810533226)

Linear regression                               Number of obs     =      4,110
                                                F(15, 4094)       =       8.81
                                                Prob > F          =     0.0000
                                                R-squared         =     0.0225
                                                Root MSE          =     .35082

------------------------------------------------------------------------------
             |               Robust
        df5d |      Coef.   Std. Err.      t    P>|t|     [95% Conf. Interval]
-------------+----------------------------------------------------------------
      rJ1kat |
          2  |  -.0372483   .0178063    -2.09   0.037    -.0721583   -.0023382
          3  |  -.0121557   .0232453    -0.52   0.601    -.0577291    .0334177
          4  |   .0316368   .0236103     1.34   0.180    -.0146523    .0779259
          5  |   .0441407   .0233146     1.89   0.058    -.0015686      .08985
             |
           o |  -.0224157    .006595    -3.40   0.001    -.0353454    -.009486
        lany |  -.0349344   .0129546    -2.70   0.007    -.0603324   -.0095364
             |
         kor |
         18  |  -.0083428   .0149728    -0.56   0.577    -.0376977     .021012
         19  |   .0170866   .0311292     0.55   0.583    -.0439436    .0781167
         20  |   .0577105   .0633083     0.91   0.362    -.0664082    .1818292
         21  |   .3543245   .1532914     2.31   0.021       .05379    .6548591
         22  |  -.1333593   .0295044    -4.52   0.000    -.1912039   -.0755147
             |
    anyaisk5 |
     8 ált.  |   .0456552   .0461642     0.99   0.323    -.0448517    .1361622
     szakma  |   .1067294   .0466689     2.29   0.022      .015233    .1982257
  érettségi  |   .1046344   .0468728     2.23   0.026     .0127383    .1965306
    diploma  |   .0919925   .0487814     1.89   0.059    -.0036457    .1876306
             |
       _cons |   .0790624   .0503496     1.57   0.116    -.0196501     .177775
------------------------------------------------------------------------------

->  regress df5f i.rJ1kat o lany i.kor i.anya if roma==0 [aw=suly], rob
(sum of wgt is 46,087.5335059166)

Linear regression                               Number of obs     =      4,044
                                                F(15, 4028)       =       1.70
                                                Prob > F          =     0.0442
                                                R-squared         =     0.0073
                                                Root MSE          =     .48081

------------------------------------------------------------------------------
             |               Robust
        df5f |      Coef.   Std. Err.      t    P>|t|     [95% Conf. Interval]
-------------+----------------------------------------------------------------
      rJ1kat |
          2  |  -.0127725   .0250521    -0.51   0.610    -.0618884    .0363434
          3  |  -.0043532   .0306774    -0.14   0.887    -.0644978    .0557914
          4  |   .0049571   .0310702     0.16   0.873    -.0559577     .065872
          5  |   .0711696   .0308564     2.31   0.021     .0106741    .1316652
             |
           o |  -.0171915   .0096028    -1.79   0.073    -.0360183    .0016353
        lany |  -.0225455   .0180859    -1.25   0.213    -.0580038    .0129129
             |
         kor |
         18  |   .0099451   .0204544     0.49   0.627    -.0301568    .0500469
         19  |  -.0304652    .035866    -0.85   0.396    -.1007823    .0398519
         20  |  -.0185616   .0733959    -0.25   0.800    -.1624581    .1253349
         21  |  -.1632817   .1252273    -1.30   0.192    -.4087965    .0822331
         22  |  -.1816828   .2030808    -0.89   0.371    -.5798336    .2164679
             |
    anyaisk5 |
     8 ált.  |  -.0456917   .0616801    -0.74   0.459    -.1666189    .0752354
     szakma  |  -.0293494   .0610285    -0.48   0.631    -.1489991    .0903003
  érettségi  |  -.0384532   .0611822    -0.63   0.530    -.1584043    .0814978
    diploma  |  -.0545982   .0636691    -0.86   0.391    -.1794249    .0702285
             |
       _cons |    .405078    .066033     6.13   0.000     .2756169    .5345392
------------------------------------------------------------------------------

->  regress df5g i.rJ1kat o lany i.kor i.anya if roma==0 [aw=suly], rob
(sum of wgt is 46,091.0071420372)

Linear regression                               Number of obs     =      4,025
                                                F(15, 4009)       =      16.94
                                                Prob > F          =     0.0000
                                                R-squared         =     0.0269
                                                Root MSE          =      .4609

------------------------------------------------------------------------------
             |               Robust
        df5g |      Coef.   Std. Err.      t    P>|t|     [95% Conf. Interval]
-------------+----------------------------------------------------------------
      rJ1kat |
          2  |   .0592795   .0226492     2.62   0.009     .0148745    .1036845
          3  |   .0460488    .029445     1.56   0.118    -.0116797    .1037774
          4  |   .0826887   .0293936     2.81   0.005      .025061    .1403164
          5  |   .1638866   .0285723     5.74   0.000     .1078689    .2199043
             |
           o |  -.0126262   .0094057    -1.34   0.180    -.0310665    .0058142
        lany |  -.0433196   .0172948    -2.50   0.012    -.0772271   -.0094121
             |
         kor |
         18  |   .0316701   .0197051     1.61   0.108    -.0069628     .070303
         19  |   -.019992   .0343262    -0.58   0.560    -.0872905    .0473065
         20  |   .0098599   .0673469     0.15   0.884    -.1221774    .1418971
         21  |   .1959355   .1566688     1.25   0.211    -.1112225    .5030935
         22  |  -.1798407   .0372963    -4.82   0.000    -.2529622   -.1067191
             |
    anyaisk5 |
     8 ált.  |   .1463704    .051598     2.84   0.005     .0452096    .2475311
     szakma  |   .2277239   .0512684     4.44   0.000     .1272094    .3282385
  érettségi  |   .2554325   .0518525     4.93   0.000     .1537727    .3570923
    diploma  |   .2007928   .0546013     3.68   0.000     .0937439    .3078417
             |
       _cons |   .0417289   .0566089     0.74   0.461    -.0692561    .1527139
------------------------------------------------------------------------------

->  regress df5k i.rJ1kat o lany i.kor i.anya if roma==0 [aw=suly], rob
(sum of wgt is 44,825.3078801334)

Linear regression                               Number of obs     =      3,920
                                                F(15, 3904)       =      14.70
                                                Prob > F          =     0.0000
                                                R-squared         =     0.0222
                                                Root MSE          =     .45259

------------------------------------------------------------------------------
             |               Robust
        df5k |      Coef.   Std. Err.      t    P>|t|     [95% Conf. Interval]
-------------+----------------------------------------------------------------
      rJ1kat |
          2  |  -.0246231    .023753    -1.04   0.300    -.0711926    .0219463
          3  |   .0352956   .0305438     1.16   0.248    -.0245878     .095179
          4  |   .0432049   .0306184     1.41   0.158    -.0168247    .1032345
          5  |   .0686279   .0291167     2.36   0.018     .0115426    .1257133
             |
           o |  -.0392713   .0092064    -4.27   0.000    -.0573212   -.0212215
        lany |  -.0347802   .0171891    -2.02   0.043    -.0684807   -.0010797
             |
         kor |
         18  |   .0380075   .0195127     1.95   0.052    -.0002486    .0762636
         19  |  -.0008649   .0351945    -0.02   0.980    -.0698662    .0681364
         20  |  -.0059956   .0696581    -0.09   0.931    -.1425654    .1305741
         21  |   .1914011   .1616193     1.18   0.236    -.1254652    .5082674
         22  |  -.2349722   .0379105    -6.20   0.000    -.3092984   -.1606459
             |
    anyaisk5 |
     8 ált.  |    .111522   .0525337     2.12   0.034     .0085258    .2145181
     szakma  |   .1802507   .0519337     3.47   0.001     .0784309    .2820705
  érettségi  |   .2049898   .0521022     3.93   0.000     .1028398    .3071399
    diploma  |   .1743286   .0546897     3.19   0.001     .0671054    .2815517
             |
       _cons |    .101029   .0561342     1.80   0.072    -.0090261    .2110842
------------------------------------------------------------------------------

->  regress df5m i.rJ1kat o lany i.kor i.anya if roma==0 [aw=suly], rob
(sum of wgt is 45,178.1852522194)

Linear regression                               Number of obs     =      3,959
                                                F(15, 3943)       =      17.80
                                                Prob > F          =     0.0000
                                                R-squared         =     0.0266
                                                Root MSE          =     .43033

------------------------------------------------------------------------------
             |               Robust
        df5m |      Coef.   Std. Err.      t    P>|t|     [95% Conf. Interval]
-------------+----------------------------------------------------------------
      rJ1kat |
          2  |  -.0163526   .0214442    -0.76   0.446    -.0583954    .0256902
          3  |   .0175253   .0286398     0.61   0.541     -.038625    .0736756
          4  |   .0637687   .0285566     2.23   0.026     .0077815    .1197558
          5  |   .0997524   .0278163     3.59   0.000     .0452168    .1542881
             |
           o |  -.0351685   .0084276    -4.17   0.000    -.0516915   -.0186456
        lany |  -.0466947   .0161539    -2.89   0.004    -.0783655   -.0150238
             |
         kor |
         18  |   .0434128   .0181428     2.39   0.017     .0078427    .0789829
         19  |   -.019968   .0307879    -0.65   0.517    -.0803297    .0403937
         20  |  -.0476924   .0559907    -0.85   0.394    -.1574659    .0620811
         21  |   .0688155   .1788543     0.38   0.700    -.2818402    .4194712
         22  |  -.1829769   .0327518    -5.59   0.000    -.2471889   -.1187648
             |
    anyaisk5 |
     8 ált.  |    .069715   .0481418     1.45   0.148    -.0246702    .1641003
     szakma  |   .1502712   .0483466     3.11   0.002     .0554845     .245058
  érettségi  |    .156823   .0485008     3.23   0.001     .0617341     .251912
    diploma  |   .1557508   .0510341     3.05   0.002      .055695    .2558066
             |
       _cons |   .0890208   .0521463     1.71   0.088    -.0132155     .191257
------------------------------------------------------------------------------

->  regress df5n i.rJ1kat o lany i.kor i.anya if roma==0 [aw=suly], rob
(sum of wgt is 45,339.9919358194)

Linear regression                               Number of obs     =      3,953
                                                F(15, 3937)       =      17.99
                                                Prob > F          =     0.0000
                                                R-squared         =     0.0430
                                                Root MSE          =     .48974

------------------------------------------------------------------------------
             |               Robust
        df5n |      Coef.   Std. Err.      t    P>|t|     [95% Conf. Interval]
-------------+----------------------------------------------------------------
      rJ1kat |
          2  |  -.0579859    .025906    -2.24   0.025    -.1087762   -.0071955
          3  |   .0149257   .0333684     0.45   0.655    -.0504953    .0803467
          4  |   .0796679   .0327568     2.43   0.015      .015446    .1438897
          5  |   .1292968   .0299594     4.32   0.000     .0705593    .1880342
             |
           o |  -.0168615   .0101993    -1.65   0.098    -.0368578    .0031349
        lany |  -.0315618   .0187146    -1.69   0.092     -.068253    .0051293
             |
         kor |
         18  |   .0301646   .0214429     1.41   0.160    -.0118757    .0722048
         19  |  -.1016986   .0367598    -2.77   0.006    -.1737686   -.0296286
         20  |  -.0635283   .0699781    -0.91   0.364     -.200725    .0736685
         21  |   .1341024   .1486484     0.90   0.367    -.1573326    .4255375
         22  |   -.314885   .0536222    -5.87   0.000     -.420015   -.2097551
             |
    anyaisk5 |
     8 ált.  |   .1419971   .0586016     2.42   0.015     .0271048    .2568894
     szakma  |   .3028127   .0581322     5.21   0.000     .1888407    .4167847
  érettségi  |      .3083   .0581451     5.30   0.000     .1943027    .4222973
    diploma  |   .2999425   .0608725     4.93   0.000     .1805978    .4192871
             |
       _cons |   .1956806   .0632095     3.10   0.002     .0717541    .3196071
------------------------------------------------------------------------------

. 
. 
. log close
      name:  <unnamed>
       log:  c:\kolloj\becker\SF\Table_4.log
  log type:  text
 closed on:  25 May 2024, 19:40:29
---------------------------------------------------------------------------------------------------------------------------------------------------------------------------------------------
